# JRE version: OpenJDK Runtime Environment (17.0.7+7) (build 17.0.7+7-Ubuntu-0ubuntu123.04)
# Java VM: OpenJDK 64-Bit Server VM (17.0.7+7-Ubuntu-0ubuntu123.04, mixed mode, sharing, tiered, compressed oops, compressed class ptrs, g1 gc, linux-amd64)
GC Precious Log:
 CPUs: 8 total, 8 available
 Memory: 15860M
 Large Page Support: Disabled
 NUMA Support: Disabled
 Compressed Oops: Enabled (Zero based)
 Heap Region Size: 2M
 Heap Min Capacity: 8M
 Heap Initial Capacity: 248M
 Heap Max Capacity: 3966M
 Pre-touch: Disabled
 Parallel Workers: 8
 Concurrent Workers: 2
 Concurrent Refinement Workers: 8
 Periodic GC: Disabled
Heap:
 garbage-first heap   total 49152K, used 16110K [0x0000000708200000, 0x0000000800000000)
  region size 2048K, 9 young (18432K), 3 survivors (6144K)
 Metaspace       used 29626K, committed 30016K, reserved 1114112K
  class space    used 3307K, committed 3456K, reserved 1048576K
GC Heap History (8 events):
Event: 2.547 GC heap before
{Heap before GC invocations=0 (full 0):
 garbage-first heap   total 258048K, used 22496K [0x0000000708200000, 0x0000000800000000)
  region size 2048K, 11 young (22528K), 0 survivors (0K)
 Metaspace       used 7389K, committed 7488K, reserved 1114112K
  class space    used 779K, committed 832K, reserved 1048576K
}
Event: 2.558 GC heap after
{Heap after GC invocations=1 (full 0):
 garbage-first heap   total 258048K, used 4874K [0x0000000708200000, 0x0000000800000000)
  region size 2048K, 2 young (4096K), 2 survivors (4096K)
 Metaspace       used 7389K, committed 7488K, reserved 1114112K
  class space    used 779K, committed 832K, reserved 1048576K
}
Event: 5.887 GC heap before
{Heap before GC invocations=1 (full 0):
 garbage-first heap   total 258048K, used 35594K [0x0000000708200000, 0x0000000800000000)
  region size 2048K, 18 young (36864K), 2 survivors (4096K)
 Metaspace       used 16922K, committed 17088K, reserved 1114112K
  class space    used 1758K, committed 1856K, reserved 1048576K
}
Event: 5.903 GC heap after
{Heap after GC invocations=2 (full 0):
 garbage-first heap   total 258048K, used 6026K [0x0000000708200000, 0x0000000800000000)
  region size 2048K, 2 young (4096K), 2 survivors (4096K)
 Metaspace       used 16922K, committed 17088K, reserved 1114112K
  class space    used 1758K, committed 1856K, reserved 1048576K
}
Event: 8.154 GC heap before
{Heap before GC invocations=2 (full 0):
 garbage-first heap   total 258048K, used 24458K [0x0000000708200000, 0x0000000800000000)
  region size 2048K, 13 young (26624K), 2 survivors (4096K)
 Metaspace       used 21262K, committed 21504K, reserved 1114112K
  class space    used 2226K, committed 2304K, reserved 1048576K
}
Event: 8.173 GC heap after
{Heap after GC invocations=3 (full 0):
 garbage-first heap   total 258048K, used 6642K [0x0000000708200000, 0x0000000800000000)
  region size 2048K, 3 young (6144K), 3 survivors (6144K)
 Metaspace       used 21262K, committed 21504K, reserved 1114112K
  class space    used 2226K, committed 2304K, reserved 1048576K
}
Event: 10.961 GC heap before
{Heap before GC invocations=4 (full 0):
 garbage-first heap   total 49152K, used 35314K [0x0000000708200000, 0x0000000800000000)
  region size 2048K, 19 young (38912K), 3 survivors (6144K)
 Metaspace       used 27645K, committed 27968K, reserved 1114112K
  class space    used 2968K, committed 3072K, reserved 1048576K
}
Event: 10.978 GC heap after
{Heap after GC invocations=5 (full 0):
 garbage-first heap   total 49152K, used 7918K [0x0000000708200000, 0x0000000800000000)
  region size 2048K, 3 young (6144K), 3 survivors (6144K)
 Metaspace       used 27645K, committed 27968K, reserved 1114112K
  class space    used 2968K, committed 3072K, reserved 1048576K
}

