# JRE version: OpenJDK Runtime Environment (17.0.7+7) (build 17.0.7+7-Ubuntu-0ubuntu123.04)
# Java VM: OpenJDK 64-Bit Server VM (17.0.7+7-Ubuntu-0ubuntu123.04, mixed mode, sharing, tiered, compressed oops, compressed class ptrs, g1 gc, linux-amd64)
GC Precious Log:
 CPUs: 8 total, 8 available
 Memory: 15860M
 Large Page Support: Disabled
 NUMA Support: Disabled
 Compressed Oops: Enabled (Zero based)
 Heap Region Size: 2M
 Heap Min Capacity: 8M
 Heap Initial Capacity: 248M
 Heap Max Capacity: 3966M
 Pre-touch: Disabled
 Parallel Workers: 8
 Concurrent Workers: 2
 Concurrent Refinement Workers: 8
 Periodic GC: Disabled
Heap:
 garbage-first heap   total 49152K, used 17737K [0x0000000708200000, 0x0000000800000000)
  region size 2048K, 9 young (18432K), 3 survivors (6144K)
 Metaspace       used 29726K, committed 30144K, reserved 1114112K
  class space    used 3318K, committed 3520K, reserved 1048576K
GC Heap History (8 events):
Event: 2.511 GC heap before
{Heap before GC invocations=0 (full 0):
 garbage-first heap   total 258048K, used 22496K [0x0000000708200000, 0x0000000800000000)
  region size 2048K, 11 young (22528K), 0 survivors (0K)
 Metaspace       used 7378K, committed 7488K, reserved 1114112K
  class space    used 779K, committed 832K, reserved 1048576K
}
Event: 2.520 GC heap after
{Heap after GC invocations=1 (full 0):
 garbage-first heap   total 258048K, used 4789K [0x0000000708200000, 0x0000000800000000)
  region size 2048K, 2 young (4096K), 2 survivors (4096K)
 Metaspace       used 7378K, committed 7488K, reserved 1114112K
  class space    used 779K, committed 832K, reserved 1048576K
}
Event: 5.614 GC heap before
{Heap before GC invocations=1 (full 0):
 garbage-first heap   total 258048K, used 35509K [0x0000000708200000, 0x0000000800000000)
  region size 2048K, 18 young (36864K), 2 survivors (4096K)
 Metaspace       used 16783K, committed 17024K, reserved 1114112K
  class space    used 1732K, committed 1856K, reserved 1048576K
}
Event: 5.626 GC heap after
{Heap after GC invocations=2 (full 0):
 garbage-first heap   total 258048K, used 5916K [0x0000000708200000, 0x0000000800000000)
  region size 2048K, 2 young (4096K), 2 survivors (4096K)
 Metaspace       used 16783K, committed 17024K, reserved 1114112K
  class space    used 1732K, committed 1856K, reserved 1048576K
}
Event: 8.132 GC heap before
{Heap before GC invocations=2 (full 0):
 garbage-first heap   total 258048K, used 28444K [0x0000000708200000, 0x0000000800000000)
  region size 2048K, 14 young (28672K), 2 survivors (4096K)
 Metaspace       used 21250K, committed 21504K, reserved 1114112K
  class space    used 2228K, committed 2368K, reserved 1048576K
}
Event: 8.146 GC heap after
{Heap after GC invocations=3 (full 0):
 garbage-first heap   total 258048K, used 6546K [0x0000000708200000, 0x0000000800000000)
  region size 2048K, 3 young (6144K), 3 survivors (6144K)
 Metaspace       used 21250K, committed 21504K, reserved 1114112K
  class space    used 2228K, committed 2368K, reserved 1048576K
}
Event: 11.186 GC heap before
{Heap before GC invocations=4 (full 0):
 garbage-first heap   total 49152K, used 35218K [0x0000000708200000, 0x0000000800000000)
  region size 2048K, 19 young (38912K), 3 survivors (6144K)
 Metaspace       used 27948K, committed 28288K, reserved 1114112K
  class space    used 2972K, committed 3136K, reserved 1048576K
}
Event: 11.200 GC heap after
{Heap after GC invocations=5 (full 0):
 garbage-first heap   total 49152K, used 7497K [0x0000000708200000, 0x0000000800000000)
  region size 2048K, 3 young (6144K), 3 survivors (6144K)
 Metaspace       used 27948K, committed 28288K, reserved 1114112K
  class space    used 2972K, committed 3136K, reserved 1048576K
}

